<?xml version="1.0" encoding="UTF-8"?>
<!-- Generated by org.testng.reporters.JUnitXMLReporter -->
<testsuite ignored="0" hostname="mincards" failures="0" tests="5" name="Test" time="75.368" errors="0" timestamp="2026-02-23T13:19:27 GST">
  <testcase classname="testCases.TC001_AccountRegistrationTest" name="accountRegistration" time="3.399"/>
  <testcase classname="testCases.TC002_LoginTest" name="login" time="2.758"/>
  <testcase classname="testCases.TC003_LoginDDTest" name="verify_loginDDT" time="3.48"/>
  <testcase classname="testCases.TC003_LoginDDTest" name="verify_loginDDT" time="11.708"/>
  <testcase classname="testCases.TC003_LoginDDTest" name="verify_loginDDT" time="12.314"/>
</testsuite> <!-- Test -->
