<?xml version="1.0" encoding="UTF-8"?>
<!-- Generated by org.testng.reporters.JUnitXMLReporter -->
<testsuite ignored="0" hostname="mincards" failures="2" tests="2" name="Test(failed)" time="43.793" errors="0" timestamp="2026-02-23T13:13:22 GST">
  <testcase classname="testCases.TC003_LoginDDTest" name="verify_loginDDT" time="11.706">
    <failure type="java.lang.AssertionError" message="expected [true] but found [false]">
      <![CDATA[java.lang.AssertionError: expected [true] but found [false]
at testCases.TC003_LoginDDTest.verify_loginDDT(TC003_LoginDDTest.java:49)
at java.base/java.util.ArrayList.forEach(ArrayList.java:1596)
... Removed 29 stack frames]]>
    </failure>
  </testcase> <!-- verify_loginDDT -->
  <testcase classname="testCases.TC003_LoginDDTest" name="verify_loginDDT" time="12.666">
    <failure type="java.lang.AssertionError" message="expected [true] but found [false]">
      <![CDATA[java.lang.AssertionError: expected [true] but found [false]
at testCases.TC003_LoginDDTest.verify_loginDDT(TC003_LoginDDTest.java:49)
at java.base/java.util.ArrayList.forEach(ArrayList.java:1596)
... Removed 29 stack frames]]>
    </failure>
  </testcase> <!-- verify_loginDDT -->
</testsuite> <!-- Test(failed) -->
