<?xml version="1.0" encoding="UTF-8"?>
<testng-results ignored="0" total="1" passed="1" failed="0" skipped="0">
  <reporter-output>
  </reporter-output>
  <suite started-at="2026-03-30T18:50:25 GMT+04:00" name="Master Suite" finished-at="2026-03-30T18:50:31 GMT+04:00" duration-ms="6043">
    <groups>
      <group name="Master">
        <method signature="TC002_LoginTest.login()[pri:0, instance:testCases.TC002_LoginTest@934b6cb]" name="login" class="testCases.TC002_LoginTest"/>
      </group> <!-- Master -->
      <group name="Sanity">
        <method signature="TC002_LoginTest.login()[pri:0, instance:testCases.TC002_LoginTest@934b6cb]" name="login" class="testCases.TC002_LoginTest"/>
      </group> <!-- Sanity -->
    </groups>
    <test started-at="2026-03-30T18:50:25 GMT+04:00" name="Test" finished-at="2026-03-30T18:50:31 GMT+04:00" duration-ms="6043">
      <class name="testCases.TC002_LoginTest">
        <test-method is-config="true" signature="setup(java.lang.String,java.lang.String)[pri:0, instance:testCases.TC002_LoginTest@934b6cb]" started-at="2026-03-30T18:50:26 GMT+04:00" name="setup" finished-at="2026-03-30T18:50:29 GMT+04:00" duration-ms="3146" status="PASS">
          <params>
            <param index="0">
              <value>
                <![CDATA[Windows]]>
              </value>
            </param>
            <param index="1">
              <value>
                <![CDATA[chrome]]>
              </value>
            </param>
          </params>
          <reporter-output>
          </reporter-output>
        </test-method> <!-- setup -->
        <test-method signature="login()[pri:0, instance:testCases.TC002_LoginTest@934b6cb]" started-at="2026-03-30T18:50:29 GMT+04:00" name="login" finished-at="2026-03-30T18:50:31 GMT+04:00" duration-ms="1884" status="PASS">
          <reporter-output>
          </reporter-output>
        </test-method> <!-- login -->
        <test-method is-config="true" signature="tearDown()[pri:0, instance:testCases.TC002_LoginTest@934b6cb]" started-at="2026-03-30T18:50:31 GMT+04:00" name="tearDown" finished-at="2026-03-30T18:50:31 GMT+04:00" duration-ms="458" status="PASS">
          <reporter-output>
          </reporter-output>
        </test-method> <!-- tearDown -->
      </class> <!-- testCases.TC002_LoginTest -->
    </test> <!-- Test -->
  </suite> <!-- Master Suite -->
</testng-results>
