<?xml version="1.0" encoding="UTF-8"?>
<testsuite xmlns:xsi="http://www.w3.org/2001/XMLSchema-instance" xsi:noNamespaceSchemaLocation="https://maven.apache.org/surefire/maven-surefire-plugin/xsd/surefire-test-report.xsd" version="3.0.2" name="TestSuite" time="9.045" tests="1" errors="0" skipped="0" failures="0" flakes="0">
  <properties>
[...]
</properties>
  <testcase name="login" classname="testCases.TC002_LoginTest" time="1.947">
    <system-err><![CDATA[2026-03-30T14:50:25.535831600Z main ERROR Unrecognized format specifier []
2026-03-30T14:50:25.537963300Z main ERROR Empty conversion specifier starting at position 22 in conversion pattern.
2026-03-30T14:50:25.559491100Z main ERROR Unrecognized format specifier []
2026-03-30T14:50:25.559491100Z main ERROR Empty conversion specifier starting at position 22 in conversion pattern.
2026-03-30T14:50:25.598494Z main INFO Starting configuration XmlConfiguration[location=C:\Users\minousca\eclipse-workspace\Framework_OpencartV1\target\test-classes\log4j2.xml, lastModified=2026-02-17T10:44:22.037Z]...
2026-03-30T14:50:25.599504200Z main INFO Configuration XmlConfiguration[location=C:\Users\minousca\eclipse-workspace\Framework_OpencartV1\target\test-classes\log4j2.xml, lastModified=2026-02-17T10:44:22.037Z] started.
2026-03-30T14:50:25.602474800Z main INFO Stopping configuration org.apache.logging.log4j.core.config.DefaultConfiguration@1d76aeea...
2026-03-30T14:50:25.603475800Z main INFO Configuration org.apache.logging.log4j.core.config.DefaultConfiguration@1d76aeea stopped.
Mar 30, 2026 6:50:28 PM org.openqa.selenium.devtools.CdpVersionFinder findNearestMatch
WARNING: Unable to find CDP implementation matching 133
Mar 30, 2026 6:50:28 PM org.openqa.selenium.chromium.ChromiumDriver lambda$new$4
WARNING: Unable to find version of CDP to use for 133.0.6943.142. You may need to include a dependency on a specific version of the CDP using something similar to `org.seleniumhq.selenium:selenium-devtools-v86:4.40.0` where the version ("v86") matches the version of the chromium-based browser you're using and the version number of the artifact is the same as Selenium's.
]]></system-err>
  </testcase>
</testsuite>