<?xml version="1.0" encoding="UTF-8"?>
<!-- Generated by org.testng.reporters.JUnitReportReporter -->
<testsuite hostname="mincards" failures="0" tests="3" name="testCases.TC003_LoginDDTest" time="27.502" errors="0" timestamp="2026-02-23T13:19:27 GST" skipped="0">
  <testcase classname="testCases.TC003_LoginDDTest" name="verify_loginDDT" time="11.708"/>
  <testcase classname="testCases.TC003_LoginDDTest" name="verify_loginDDT" time="12.314"/>
  <testcase classname="testCases.TC003_LoginDDTest" name="verify_loginDDT" time="3.480"/>
</testsuite> <!-- testCases.TC003_LoginDDTest -->
